<?xml version="1.0" encoding="UTF-8"?>
<testng-results ignored="0" total="2" passed="2" failed="0" skipped="0">
  <reporter-output>
  </reporter-output>
  <suite started-at="2020-01-06T12:38:11 IST" name="ARIS automation testing" finished-at="2020-01-06T12:38:11 IST" duration-ms="222">
    <groups>
    </groups>
    <test started-at="2020-01-06T12:38:11 IST" name="FirstTest" finished-at="2020-01-06T12:38:11 IST" duration-ms="85">
      <class name="com.debug.testngDebug.AppTestOne">
        <test-method signature="testOne()[pri:0, instance:com.debug.testngDebug.AppTestOne@52e677af]" started-at="2020-01-06T12:38:11 IST" name="testOne" finished-at="2020-01-06T12:38:11 IST" duration-ms="12" status="PASS">
          <reporter-output>
          </reporter-output>
        </test-method> <!-- testOne -->
      </class> <!-- com.debug.testngDebug.AppTestOne -->
    </test> <!-- FirstTest -->
    <test started-at="2020-01-06T12:38:11 IST" name="SecondTest" finished-at="2020-01-06T12:38:11 IST" duration-ms="4">
      <class name="com.debug.testngDebug.AppTestTwo">
        <test-method signature="testTwo()[pri:0, instance:com.debug.testngDebug.AppTestTwo@48524010]" started-at="2020-01-06T12:38:11 IST" name="testTwo" finished-at="2020-01-06T12:38:11 IST" duration-ms="1" status="PASS">
          <reporter-output>
          </reporter-output>
        </test-method> <!-- testTwo -->
      </class> <!-- com.debug.testngDebug.AppTestTwo -->
    </test> <!-- SecondTest -->
  </suite> <!-- ARIS automation testing -->
</testng-results>
